<?xml version="1.0" encoding="UTF-8"?>
<!-- Generated by org.testng.reporters.JUnitXMLReporter -->
<testsuite ignored="0" hostname="DESKTOP-LF0UCLB" failures="1" tests="12" name="Smoke Test" time="16.575" errors="0" timestamp="2022-03-02T14:25:29 GMT">
  <testcase classname="com.ChallengingDom.testcases.ChallengingDomPageTest" name="validatingTitleTest" time="0.152"/>
  <testcase classname="com.ChallengingDom.testcases.ChallengingDomPageTest" name="validateHeaderTest" time="0.157"/>
  <testcase classname="com.ChallengingDom.testcases.ChallengingDomPageTest" name="validateBlueButtonTest" time="1.21">
    <failure type="java.lang.AssertionError" message="The text of Blue button is not changing after click did not expect [bar] but found [bar]">
      <![CDATA[java.lang.AssertionError: The text of Blue button is not changing after click did not expect [bar] but found [bar]
at com.ChallengingDom.testcases.ChallengingDomPageTest.validateBlueButtonTest(ChallengingDomPageTest.java:62)
at java.base/java.util.ArrayList.forEach(ArrayList.java:1511)
... Removed 31 stack frames]]>
    </failure>
  </testcase> <!-- validateBlueButtonTest -->
  <testcase classname="com.ChallengingDom.testcases.ChallengingDomPageTest" name="validateRedButtonTest" time="1.131"/>
  <testcase classname="com.ChallengingDom.testcases.ChallengingDomPageTest" name="validateGreenButtonTest" time="1.151"/>
  <testcase classname="com.ChallengingDom.testcases.ChallengingDomPageTest" name="validateTableHeadersTest" time="0.33"/>
  <testcase classname="com.ChallengingDom.testcases.ChallengingDomPageTest" name="validateTableColumn" time="0.399"/>
  <testcase classname="com.ChallengingDom.testcases.ChallengingDomPageTest" name="validateTableRow" time="0.252"/>
  <testcase classname="com.ChallengingDom.testcases.ChallengingDomPageTest" name="validateEditTest" time="0.153"/>
  <testcase classname="com.ChallengingDom.testcases.ChallengingDomPageTest" name="validateDeleteTest" time="0.135"/>
  <testcase classname="com.ChallengingDom.testcases.ChallengingDomPageTest" name="validateCanvasTest1" time="0.42"/>
  <testcase classname="com.ChallengingDom.testcases.ChallengingDomPageTest" name="validateCanvasTest2" time="0.572"/>
</testsuite> <!-- Smoke Test -->
