<?xml version="1.0" encoding="UTF-8"?>
<!-- Generated by org.testng.reporters.JUnitReportReporter -->
<testsuite hostname="DESKTOP-LF0UCLB" failures="1" tests="12" name="com.ChallengingDom.testcases.ChallengingDomPageTest" time="6.062" errors="0" timestamp="2022-03-02T14:25:30 GMT" skipped="0">
  <testcase classname="com.ChallengingDom.testcases.ChallengingDomPageTest" name="validatingTitleTest" time="0.152"/>
  <system-out/>
  <testcase classname="com.ChallengingDom.testcases.ChallengingDomPageTest" name="validateHeaderTest" time="0.157"/>
  <system-out/>
  <testcase classname="com.ChallengingDom.testcases.ChallengingDomPageTest" name="validateBlueButtonTest" time="1.210">
    <failure message="The text of Blue button is not changing after click did not expect [bar] but found [bar]" type="java.lang.AssertionError">
      <![CDATA[java.lang.AssertionError: The text of Blue button is not changing after click did not expect [bar] but found [bar]
at org.testng.Assert.fail(Assert.java:110)
at org.testng.Assert.failEquals(Assert.java:1417)
at org.testng.Assert.assertNotEqualsImpl(Assert.java:156)
at org.testng.Assert.assertNotEquals(Assert.java:1986)
at com.ChallengingDom.testcases.ChallengingDomPageTest.validateBlueButtonTest(ChallengingDomPageTest.java:62)
at java.base/jdk.internal.reflect.NativeMethodAccessorImpl.invoke0(Native Method)
at java.base/jdk.internal.reflect.NativeMethodAccessorImpl.invoke(NativeMethodAccessorImpl.java:77)
at java.base/jdk.internal.reflect.DelegatingMethodAccessorImpl.invoke(DelegatingMethodAccessorImpl.java:43)
at java.base/java.lang.reflect.Method.invoke(Method.java:568)
at org.testng.internal.invokers.MethodInvocationHelper.invokeMethod(MethodInvocationHelper.java:135)
at org.testng.internal.invokers.TestInvoker.invokeMethod(TestInvoker.java:673)
at org.testng.internal.invokers.TestInvoker.invokeTestMethod(TestInvoker.java:220)
at org.testng.internal.invokers.MethodRunner.runInSequence(MethodRunner.java:50)
at org.testng.internal.invokers.TestInvoker$MethodInvocationAgent.invoke(TestInvoker.java:945)
at org.testng.internal.invokers.TestInvoker.invokeTestMethods(TestInvoker.java:193)
at org.testng.internal.invokers.TestMethodWorker.invokeTestMethods(TestMethodWorker.java:146)
at org.testng.internal.invokers.TestMethodWorker.run(TestMethodWorker.java:128)
at java.base/java.util.ArrayList.forEach(ArrayList.java:1511)
at org.testng.TestRunner.privateRun(TestRunner.java:808)
at org.testng.TestRunner.run(TestRunner.java:603)
at org.testng.SuiteRunner.runTest(SuiteRunner.java:429)
at org.testng.SuiteRunner.runSequentially(SuiteRunner.java:423)
at org.testng.SuiteRunner.privateRun(SuiteRunner.java:383)
at org.testng.SuiteRunner.run(SuiteRunner.java:326)
at org.testng.SuiteRunnerWorker.runSuite(SuiteRunnerWorker.java:52)
at org.testng.SuiteRunnerWorker.run(SuiteRunnerWorker.java:95)
at org.testng.TestNG.runSuitesSequentially(TestNG.java:1249)
at org.testng.TestNG.runSuitesLocally(TestNG.java:1169)
at org.testng.TestNG.runSuites(TestNG.java:1092)
at org.testng.TestNG.run(TestNG.java:1060)
at org.testng.remote.AbstractRemoteTestNG.run(AbstractRemoteTestNG.java:115)
at org.testng.remote.RemoteTestNG.initAndRun(RemoteTestNG.java:251)
at org.testng.remote.RemoteTestNG.main(RemoteTestNG.java:77)
]]>
    </failure>
  </testcase> <!-- validateBlueButtonTest -->
  <system-out/>
  <testcase classname="com.ChallengingDom.testcases.ChallengingDomPageTest" name="validateRedButtonTest" time="1.131"/>
  <system-out/>
  <testcase classname="com.ChallengingDom.testcases.ChallengingDomPageTest" name="validateGreenButtonTest" time="1.151"/>
  <system-out/>
  <testcase classname="com.ChallengingDom.testcases.ChallengingDomPageTest" name="validateTableHeadersTest" time="0.330"/>
  <system-out/>
  <testcase classname="com.ChallengingDom.testcases.ChallengingDomPageTest" name="validateTableColumn" time="0.399"/>
  <system-out/>
  <testcase classname="com.ChallengingDom.testcases.ChallengingDomPageTest" name="validateTableRow" time="0.252"/>
  <system-out/>
  <testcase classname="com.ChallengingDom.testcases.ChallengingDomPageTest" name="validateEditTest" time="0.153"/>
  <system-out/>
  <testcase classname="com.ChallengingDom.testcases.ChallengingDomPageTest" name="validateDeleteTest" time="0.135"/>
  <system-out/>
  <testcase classname="com.ChallengingDom.testcases.ChallengingDomPageTest" name="validateCanvasTest1" time="0.420"/>
  <system-out/>
  <testcase classname="com.ChallengingDom.testcases.ChallengingDomPageTest" name="validateCanvasTest2" time="0.572"/>
  <system-out/>
</testsuite> <!-- com.ChallengingDom.testcases.ChallengingDomPageTest -->
